<?xml version="1.0" encoding="UTF-8"?>
<robot rpa="false" generated="20220326 02:52:44.356" generator="Robot 3.1.1 (Python 2.7.12 on linux2)">
<suite source="/suites" id="s1" name="Suites">
<suite source="/suites/accesslogin.robot" id="s1-s1" name="Accesslogin">
<test id="s1-s1-t1" name="LoginTest">
<kw name="Start Virtual Display" library="XvfbRobot">
<doc>Starts virtual display which will be
 destroyed after test execution will be end</doc>
<arguments>
<arg>1920</arg>
<arg>1080</arg>
</arguments>
<msg timestamp="20220326 02:52:46.159" level="INFO">Using virtual display: '1920x1080x24'</msg>
<status status="PASS" endtime="20220326 02:52:47.466" starttime="20220326 02:52:46.159"></status>
</kw>
<kw name="Open Chrome Browser">
<kw name="Evaluate" library="BuiltIn">
<doc>Evaluates the given expression in Python and returns the results.</doc>
<arguments>
<arg>sys.modules['selenium.webdriver'].ChromeOptions()</arg>
<arg>sys, selenium.webdriver</arg>
</arguments>
<assign>
<var>${options}</var>
</assign>
<msg timestamp="20220326 02:52:47.469" level="INFO">${options} = &lt;selenium.webdriver.chrome.options.Options object at 0x7f862bc4b150&gt;</msg>
<status status="PASS" endtime="20220326 02:52:47.470" starttime="20220326 02:52:47.468"></status>
</kw>
<kw name="Call Method" library="BuiltIn">
<doc>Calls the named method of the given object with the provided arguments.</doc>
<arguments>
<arg>${options}</arg>
<arg>add_argument</arg>
<arg>--no-sandbox</arg>
</arguments>
<status status="PASS" endtime="20220326 02:52:47.471" starttime="20220326 02:52:47.470"></status>
</kw>
<kw name="Create Dictionary" library="BuiltIn">
<doc>Creates and returns a dictionary based on the given ``items``.</doc>
<arguments>
<arg>download.default_directory=${TMP_PATH}</arg>
</arguments>
<assign>
<var>${prefs}</var>
</assign>
<msg timestamp="20220326 02:52:47.474" level="INFO">${prefs} = {u'download.default_directory': u'/tmp'}</msg>
<status status="PASS" endtime="20220326 02:52:47.474" starttime="20220326 02:52:47.471"></status>
</kw>
<kw name="Call Method" library="BuiltIn">
<doc>Calls the named method of the given object with the provided arguments.</doc>
<arguments>
<arg>${options}</arg>
<arg>add_experimental_option</arg>
<arg>prefs</arg>
<arg>${prefs}</arg>
</arguments>
<status status="PASS" endtime="20220326 02:52:47.475" starttime="20220326 02:52:47.474"></status>
</kw>
<kw name="Create Webdriver" library="SeleniumLibrary">
<doc>Creates an instance of Selenium WebDriver.</doc>
<arguments>
<arg>Chrome</arg>
<arg>chrome_options=${options}</arg>
</arguments>
<msg timestamp="20220326 02:52:47.477" level="INFO">Creating an instance of the Chrome WebDriver.</msg>
<status status="PASS" endtime="20220326 02:52:50.621" starttime="20220326 02:52:47.476"></status>
</kw>
<status status="PASS" endtime="20220326 02:52:50.622" starttime="20220326 02:52:47.467"></status>
</kw>
<kw name="Go To" library="SeleniumLibrary">
<doc>Navigates the active browser instance to the provided ``url``.</doc>
<arguments>
<arg>https://demo.nopcommerce.com/</arg>
</arguments>
<msg timestamp="20220326 02:52:50.623" level="INFO">Opening url 'https://demo.nopcommerce.com/'</msg>
<status status="PASS" endtime="20220326 02:52:52.859" starttime="20220326 02:52:50.623"></status>
</kw>
<kw name="Click Link" library="SeleniumLibrary">
<doc>Clicks a link identified by ``locator``.</doc>
<arguments>
<arg>xpath://a[@class='ico-login']</arg>
</arguments>
<msg timestamp="20220326 02:52:52.861" level="INFO">Clicking link 'xpath://a[@class='ico-login']'.</msg>
<status status="PASS" endtime="20220326 02:52:53.900" starttime="20220326 02:52:52.859"></status>
</kw>
<kw name="Input Text" library="SeleniumLibrary">
<doc>Types the given ``text`` into text field identified by ``locator``.</doc>
<arguments>
<arg>id:Email</arg>
<arg>pavanoltraining@gmail.com</arg>
</arguments>
<msg timestamp="20220326 02:52:53.900" level="INFO">Typing text 'pavanoltraining@gmail.com' into text field 'id:Email'.</msg>
<status status="PASS" endtime="20220326 02:52:54.117" starttime="20220326 02:52:53.900"></status>
</kw>
<kw name="Input Text" library="SeleniumLibrary">
<doc>Types the given ``text`` into text field identified by ``locator``.</doc>
<arguments>
<arg>id:Password</arg>
<arg>Test@123</arg>
</arguments>
<msg timestamp="20220326 02:52:54.118" level="INFO">Typing text 'Test@123' into text field 'id:Password'.</msg>
<status status="PASS" endtime="20220326 02:52:54.359" starttime="20220326 02:52:54.118"></status>
</kw>
<kw name="Click Element" library="SeleniumLibrary">
<doc>Click element identified by ``locator``.</doc>
<arguments>
<arg>xpath://button[@class="button-1 login-button"]</arg>
</arguments>
<msg timestamp="20220326 02:52:54.361" level="INFO">Clicking element 'xpath://button[@class="button-1 login-button"]'.</msg>
<status status="PASS" endtime="20220326 02:52:54.501" starttime="20220326 02:52:54.360"></status>
</kw>
<kw name="Close Browser" library="SeleniumLibrary">
<doc>Closes the current browser.</doc>
<status status="PASS" endtime="20220326 02:52:54.627" starttime="20220326 02:52:54.501"></status>
</kw>
<status status="PASS" endtime="20220326 02:52:54.628" critical="yes" starttime="20220326 02:52:46.156"></status>
</test>
<status status="PASS" endtime="20220326 02:52:54.630" starttime="20220326 02:52:44.475"></status>
</suite>
<suite source="/suites/handleInputBox.robot" id="s1-s2" name="handleInputBox">
<test id="s1-s2-t1" name="TestingInputBox">
<kw name="Open Chrome Browser">
<kw name="Evaluate" library="BuiltIn">
<doc>Evaluates the given expression in Python and returns the results.</doc>
<arguments>
<arg>sys.modules['selenium.webdriver'].ChromeOptions()</arg>
<arg>sys, selenium.webdriver</arg>
</arguments>
<assign>
<var>${options}</var>
</assign>
<msg timestamp="20220326 02:52:54.659" level="INFO">${options} = &lt;selenium.webdriver.chrome.options.Options object at 0x7f862ba16f10&gt;</msg>
<status status="PASS" endtime="20220326 02:52:54.659" starttime="20220326 02:52:54.657"></status>
</kw>
<kw name="Call Method" library="BuiltIn">
<doc>Calls the named method of the given object with the provided arguments.</doc>
<arguments>
<arg>${options}</arg>
<arg>add_argument</arg>
<arg>--no-sandbox</arg>
</arguments>
<status status="PASS" endtime="20220326 02:52:54.661" starttime="20220326 02:52:54.660"></status>
</kw>
<kw name="Create Dictionary" library="BuiltIn">
<doc>Creates and returns a dictionary based on the given ``items``.</doc>
<arguments>
<arg>download.default_directory=${TMP_PATH}</arg>
</arguments>
<assign>
<var>${prefs}</var>
</assign>
<msg timestamp="20220326 02:52:54.663" level="INFO">${prefs} = {u'download.default_directory': u'/tmp'}</msg>
<status status="PASS" endtime="20220326 02:52:54.663" starttime="20220326 02:52:54.661"></status>
</kw>
<kw name="Call Method" library="BuiltIn">
<doc>Calls the named method of the given object with the provided arguments.</doc>
<arguments>
<arg>${options}</arg>
<arg>add_experimental_option</arg>
<arg>prefs</arg>
<arg>${prefs}</arg>
</arguments>
<status status="PASS" endtime="20220326 02:52:54.665" starttime="20220326 02:52:54.664"></status>
</kw>
<kw name="Create Webdriver" library="SeleniumLibrary">
<doc>Creates an instance of Selenium WebDriver.</doc>
<arguments>
<arg>Chrome</arg>
<arg>chrome_options=${options}</arg>
</arguments>
<msg timestamp="20220326 02:52:54.666" level="INFO">Creating an instance of the Chrome WebDriver.</msg>
<status status="PASS" endtime="20220326 02:52:58.543" starttime="20220326 02:52:54.665"></status>
</kw>
<status status="PASS" endtime="20220326 02:52:58.544" starttime="20220326 02:52:54.656"></status>
</kw>
<kw name="Go To" library="SeleniumLibrary">
<doc>Navigates the active browser instance to the provided ``url``.</doc>
<arguments>
<arg>https://demo.nopcommerce.com/</arg>
</arguments>
<msg timestamp="20220326 02:52:58.546" level="INFO">Opening url 'https://demo.nopcommerce.com/'</msg>
<status status="PASS" endtime="20220326 02:53:00.277" starttime="20220326 02:52:58.545"></status>
</kw>
<kw name="Title Should Be" library="SeleniumLibrary">
<doc>Verifies that current page title equals ``title``.</doc>
<arguments>
<arg>nopcommerce demo start</arg>
</arguments>
<kw name="Capture Page Screenshot" library="SeleniumLibrary">
<doc>Takes screenshot of the current page and embeds it into log file.</doc>
<msg timestamp="20220326 02:53:00.621" html="yes" level="INFO">&lt;/td&gt;&lt;/tr&gt;&lt;tr&gt;&lt;td colspan="3"&gt;&lt;a href="selenium-screenshot-7.png"&gt;&lt;img src="selenium-screenshot-7.png" width="800px"&gt;&lt;/a&gt;</msg>
<status status="PASS" endtime="20220326 02:53:00.622" starttime="20220326 02:53:00.300"></status>
</kw>
<msg timestamp="20220326 02:53:00.623" level="FAIL">Title should have been 'nopcommerce demo start' but was 'nopCommerce demo store'.</msg>
<status status="FAIL" endtime="20220326 02:53:00.624" starttime="20220326 02:53:00.277"></status>
</kw>
<status status="FAIL" endtime="20220326 02:53:00.624" critical="yes" starttime="20220326 02:52:54.652">Title should have been 'nopcommerce demo start' but was 'nopCommerce demo store'.</status>
</test>
<status status="FAIL" endtime="20220326 02:53:00.634" starttime="20220326 02:52:54.640"></status>
</suite>
<suite source="/suites/robot_framework.robot" id="s1-s3" name="Robot Framework">
<test id="s1-s3-t1" name="Foo Test Case">
<kw name="Log" library="BuiltIn">
<doc>Logs the given message with the given level.</doc>
<arguments>
<arg>%{USERNAME}</arg>
</arguments>
<msg timestamp="20220326 02:53:00.654" level="INFO">Ipatios Asmanidis</msg>
<status status="PASS" endtime="20220326 02:53:00.654" starttime="20220326 02:53:00.653"></status>
</kw>
<doc>Created by Ipatios Asmanidis</doc>
<tags>
<tag>RobotTestCase</tag>
<tag>RobotWebPage</tag>
</tags>
<status status="PASS" endtime="20220326 02:53:00.655" critical="yes" starttime="20220326 02:53:00.651"></status>
</test>
<status status="PASS" endtime="20220326 02:53:00.659" starttime="20220326 02:53:00.640"></status>
</suite>
<suite source="/suites/select_radioButton_checkBoxes.robot" id="s1-s4" name="select radioButton checkBoxes">
<test id="s1-s4-t1" name="TestingInputBox">
<kw name="Open Chrome Browser">
<kw name="Evaluate" library="BuiltIn">
<doc>Evaluates the given expression in Python and returns the results.</doc>
<arguments>
<arg>sys.modules['selenium.webdriver'].ChromeOptions()</arg>
<arg>sys, selenium.webdriver</arg>
</arguments>
<assign>
<var>${options}</var>
</assign>
<msg timestamp="20220326 02:53:00.688" level="INFO">${options} = &lt;selenium.webdriver.chrome.options.Options object at 0x7f862ba16cd0&gt;</msg>
<status status="PASS" endtime="20220326 02:53:00.688" starttime="20220326 02:53:00.687"></status>
</kw>
<kw name="Call Method" library="BuiltIn">
<doc>Calls the named method of the given object with the provided arguments.</doc>
<arguments>
<arg>${options}</arg>
<arg>add_argument</arg>
<arg>--no-sandbox</arg>
</arguments>
<status status="PASS" endtime="20220326 02:53:00.691" starttime="20220326 02:53:00.689"></status>
</kw>
<kw name="Create Dictionary" library="BuiltIn">
<doc>Creates and returns a dictionary based on the given ``items``.</doc>
<arguments>
<arg>download.default_directory=${TMP_PATH}</arg>
</arguments>
<assign>
<var>${prefs}</var>
</assign>
<msg timestamp="20220326 02:53:00.697" level="INFO">${prefs} = {u'download.default_directory': u'/tmp'}</msg>
<status status="PASS" endtime="20220326 02:53:00.698" starttime="20220326 02:53:00.694"></status>
</kw>
<kw name="Call Method" library="BuiltIn">
<doc>Calls the named method of the given object with the provided arguments.</doc>
<arguments>
<arg>${options}</arg>
<arg>add_experimental_option</arg>
<arg>prefs</arg>
<arg>${prefs}</arg>
</arguments>
<status status="PASS" endtime="20220326 02:53:00.700" starttime="20220326 02:53:00.699"></status>
</kw>
<kw name="Create Webdriver" library="SeleniumLibrary">
<doc>Creates an instance of Selenium WebDriver.</doc>
<arguments>
<arg>Chrome</arg>
<arg>chrome_options=${options}</arg>
</arguments>
<msg timestamp="20220326 02:53:00.701" level="INFO">Creating an instance of the Chrome WebDriver.</msg>
<status status="PASS" endtime="20220326 02:53:03.842" starttime="20220326 02:53:00.700"></status>
</kw>
<status status="PASS" endtime="20220326 02:53:03.843" starttime="20220326 02:53:00.686"></status>
</kw>
<kw name="Go To" library="SeleniumLibrary">
<doc>Navigates the active browser instance to the provided ``url``.</doc>
<arguments>
<arg>${url}</arg>
</arguments>
<msg timestamp="20220326 02:53:03.847" level="INFO">Opening url 'http://www.praticeselenium.com/practice-form.html'</msg>
<kw name="Capture Page Screenshot" library="SeleniumLibrary">
<doc>Takes screenshot of the current page and embeds it into log file.</doc>
<msg timestamp="20220326 02:53:19.593" html="yes" level="INFO">&lt;/td&gt;&lt;/tr&gt;&lt;tr&gt;&lt;td colspan="3"&gt;&lt;a href="selenium-screenshot-8.png"&gt;&lt;img src="selenium-screenshot-8.png" width="800px"&gt;&lt;/a&gt;</msg>
<status status="PASS" endtime="20220326 02:53:19.593" starttime="20220326 02:53:18.421"></status>
</kw>
<msg timestamp="20220326 02:53:19.611" level="FAIL">WebDriverException: Message: unknown error: net::ERR_NAME_NOT_RESOLVED
  (Session info: chrome=89.0.4389.72)
</msg>
<status status="FAIL" endtime="20220326 02:53:19.611" starttime="20220326 02:53:03.845"></status>
</kw>
<status status="FAIL" endtime="20220326 02:53:19.612" critical="yes" starttime="20220326 02:53:00.684">WebDriverException: Message: unknown error: net::ERR_NAME_NOT_RESOLVED
  (Session info: chrome=89.0.4389.72)
</status>
</test>
<status status="FAIL" endtime="20220326 02:53:19.615" starttime="20220326 02:53:00.667"></status>
</suite>
<suite source="/suites/virtual_display.robot" id="s1-s5" name="Virtual Display">
<test id="s1-s5-t1" name="Open Google">
<kw name="Start Virtual Display" library="XvfbRobot">
<doc>Starts virtual display which will be
 destroyed after test execution will be end</doc>
<arguments>
<arg>1920</arg>
<arg>1080</arg>
</arguments>
<status status="PASS" endtime="20220326 02:53:20.129" starttime="20220326 02:53:20.128"></status>
</kw>
<kw name="Open Chrome Browser">
<kw name="Evaluate" library="BuiltIn">
<doc>Evaluates the given expression in Python and returns the results.</doc>
<arguments>
<arg>sys.modules['selenium.webdriver'].ChromeOptions()</arg>
<arg>sys, selenium.webdriver</arg>
</arguments>
<assign>
<var>${options}</var>
</assign>
<msg timestamp="20220326 02:53:20.132" level="INFO">${options} = &lt;selenium.webdriver.chrome.options.Options object at 0x7f862b904e90&gt;</msg>
<status status="PASS" endtime="20220326 02:53:20.132" starttime="20220326 02:53:20.130"></status>
</kw>
<kw name="Call Method" library="BuiltIn">
<doc>Calls the named method of the given object with the provided arguments.</doc>
<arguments>
<arg>${options}</arg>
<arg>add_argument</arg>
<arg>--no-sandbox</arg>
</arguments>
<status status="PASS" endtime="20220326 02:53:20.144" starttime="20220326 02:53:20.132"></status>
</kw>
<kw name="Create Dictionary" library="BuiltIn">
<doc>Creates and returns a dictionary based on the given ``items``.</doc>
<arguments>
<arg>download.default_directory=${TMP_PATH}</arg>
</arguments>
<assign>
<var>${prefs}</var>
</assign>
<msg timestamp="20220326 02:53:20.146" level="INFO">${prefs} = {u'download.default_directory': u'/tmp'}</msg>
<status status="PASS" endtime="20220326 02:53:20.146" starttime="20220326 02:53:20.144"></status>
</kw>
<kw name="Call Method" library="BuiltIn">
<doc>Calls the named method of the given object with the provided arguments.</doc>
<arguments>
<arg>${options}</arg>
<arg>add_experimental_option</arg>
<arg>prefs</arg>
<arg>${prefs}</arg>
</arguments>
<status status="PASS" endtime="20220326 02:53:20.148" starttime="20220326 02:53:20.146"></status>
</kw>
<kw name="Create Webdriver" library="Selenium2Library">
<doc>Creates an instance of Selenium WebDriver.</doc>
<arguments>
<arg>Chrome</arg>
<arg>chrome_options=${options}</arg>
</arguments>
<msg timestamp="20220326 02:53:20.149" level="INFO">Creating an instance of the Chrome WebDriver.</msg>
<status status="PASS" endtime="20220326 02:53:27.126" starttime="20220326 02:53:20.148"></status>
</kw>
<status status="PASS" endtime="20220326 02:53:27.127" starttime="20220326 02:53:20.129"></status>
</kw>
<kw name="Go To" library="Selenium2Library">
<doc>Navigates the active browser instance to the provided ``url``.</doc>
<arguments>
<arg>http://google.com</arg>
</arguments>
<msg timestamp="20220326 02:53:27.157" level="INFO">Opening url 'http://google.com'</msg>
<status status="PASS" endtime="20220326 02:53:33.770" starttime="20220326 02:53:27.139"></status>
</kw>
<kw name="Get Title" library="Selenium2Library">
<doc>Returns the title of current page.</doc>
<assign>
<var>${title}</var>
</assign>
<msg timestamp="20220326 02:53:33.811" level="INFO">${title} = Google</msg>
<status status="PASS" endtime="20220326 02:53:33.812" starttime="20220326 02:53:33.771"></status>
</kw>
<kw name="Should Be Equal" library="BuiltIn">
<doc>Fails if the given objects are unequal.</doc>
<arguments>
<arg>Google</arg>
<arg>${title}</arg>
</arguments>
<status status="PASS" endtime="20220326 02:53:33.814" starttime="20220326 02:53:33.812"></status>
</kw>
<status status="PASS" endtime="20220326 02:53:33.814" critical="yes" starttime="20220326 02:53:20.116"></status>
</test>
<status status="PASS" endtime="20220326 02:53:33.828" starttime="20220326 02:53:19.622"></status>
</suite>
<status status="FAIL" endtime="20220326 02:53:33.860" starttime="20220326 02:52:44.363"></status>
</suite>
<statistics>
<total>
<stat fail="2" pass="3">Critical Tests</stat>
<stat fail="2" pass="3">All Tests</stat>
</total>
<tag>
<stat fail="0" pass="1">RobotTestCase</stat>
<stat fail="0" pass="1">RobotWebPage</stat>
</tag>
<suite>
<stat fail="2" id="s1" name="Suites" pass="3">Suites</stat>
<stat fail="0" id="s1-s1" name="Accesslogin" pass="1">Suites.Accesslogin</stat>
<stat fail="1" id="s1-s2" name="handleInputBox" pass="0">Suites.handleInputBox</stat>
<stat fail="0" id="s1-s3" name="Robot Framework" pass="1">Suites.Robot Framework</stat>
<stat fail="1" id="s1-s4" name="select radioButton checkBoxes" pass="0">Suites.select radioButton checkBoxes</stat>
<stat fail="0" id="s1-s5" name="Virtual Display" pass="1">Suites.Virtual Display</stat>
</suite>
</statistics>
<errors>
</errors>
</robot>
